app/build/outputs/logs/manifest-merger-mock-debug-report.txt
-- Merging decision tree log ---
manifest
ADDED from src/main/AndroidManifest.xml:18:1-42:12
	package
		ADDED from src/main/AndroidManifest.xml:19:5-66
		INJECTED from src/main/AndroidManifest.xml
		INJECTED from src/main/AndroidManifest.xml
	android:versionName
		INJECTED from src/main/AndroidManifest.xml
		INJECTED from src/main/AndroidManifest.xml
	xmlns:android
		ADDED from src/main/AndroidManifest.xml:20:5-63
	android:versionCode
		INJECTED from src/main/AndroidManifest.xml
		INJECTED from src/main/AndroidManifest.xml
application
ADDED from src/main/AndroidManifest.xml:22:5-40:19
MERGED from [com.android.support:cardview-v7:23.0.1] AndroidManifest.xml:22:5-20
MERGED from [com.android.support:design:23.0.1] AndroidManifest.xml:22:5-20
MERGED from [com.android.support:support-v4:23.0.1] AndroidManifest.xml:22:5-20
MERGED from [com.android.support:appcompat-v7:23.0.1] AndroidManifest.xml:22:5-20
MERGED from [com.android.support.test.espresso:espresso-idling-resource:2.2.1] AndroidManifest.xml:24:5-20
	android:label
		ADDED from src/main/AndroidManifest.xml:25:9-41
	android:supportsRtl
		ADDED from src/main/AndroidManifest.xml:26:9-35
	android:allowBackup
		ADDED from src/main/AndroidManifest.xml:23:9-36
	android:icon
		ADDED from src/main/AndroidManifest.xml:24:9-43
	android:theme
		ADDED from src/main/AndroidManifest.xml:27:9-40
activity#com.example.android.architecture.blueprints.todoapp.tasks.TasksActivity
ADDED from src/main/AndroidManifest.xml:28:9-35:20
	android:theme
		ADDED from src/main/AndroidManifest.xml:30:17-65
	android:name
		ADDED from src/main/AndroidManifest.xml:29:17-103
intent-filter#android.intent.action.MAIN+android.intent.category.LAUNCHER
ADDED from src/main/AndroidManifest.xml:31:13-34:29
action#android.intent.action.MAIN
ADDED from src/main/AndroidManifest.xml:32:17-69
	android:name
		ADDED from src/main/AndroidManifest.xml:32:25-66
category#android.intent.category.LAUNCHER
ADDED from src/main/AndroidManifest.xml:33:17-77
	android:name
		ADDED from src/main/AndroidManifest.xml:33:27-74
activity#com.example.android.architecture.blueprints.todoapp.taskdetail.TaskDetailActivity
ADDED from src/main/AndroidManifest.xml:36:9-118
	android:name
		ADDED from src/main/AndroidManifest.xml:36:19-115
activity#com.example.android.architecture.blueprints.todoapp.addedittask.AddEditTaskActivity
ADDED from src/main/AndroidManifest.xml:37:9-120
	android:name
		ADDED from src/main/AndroidManifest.xml:37:19-117
activity#com.example.android.architecture.blueprints.todoapp.statistics.StatisticsActivity
ADDED from src/main/AndroidManifest.xml:38:9-118
	android:name
		ADDED from src/main/AndroidManifest.xml:38:19-115
activity#com.example.android.architecture.blueprints.todoapp.activity.WelcomeActivity
ADDED from src/main/AndroidManifest.xml:39:9-113
	android:name
		ADDED from src/main/AndroidManifest.xml:39:19-110
uses-sdk
INJECTED from src/main/AndroidManifest.xml reason: use-sdk injection requested
MERGED from [com.android.support:cardview-v7:23.0.1] AndroidManifest.xml:20:5-43
MERGED from [com.android.support:design:23.0.1] AndroidManifest.xml:20:5-43
MERGED from [com.android.support:support-v4:23.0.1] AndroidManifest.xml:20:5-43
MERGED from [com.android.support:appcompat-v7:23.0.1] AndroidManifest.xml:20:5-43
MERGED from [com.android.support:recyclerview-v7:23.0.1] AndroidManifest.xml:20:5-43
MERGED from [com.android.support.test.espresso:espresso-idling-resource:2.2.1] AndroidManifest.xml:20:5-22:41
MERGED from [com.android.support:multidex:1.0.0] AndroidManifest.xml:18:5-42
	android:targetSdkVersion
		INJECTED from src/main/AndroidManifest.xml
		INJECTED from src/main/AndroidManifest.xml
	android:minSdkVersion
		INJECTED from src/main/AndroidManifest.xml
		INJECTED from src/main/AndroidManifest.xml